<?xml version="1.0" encoding="UTF-8"?>
<!-- Generated by org.testng.reporters.JUnitReportReporter -->
<testsuite hostname="Neeta_PC" failures="0" tests="1" name="com.test.LoginTest" time="1.323" errors="0" timestamp="2024-09-29T15:26:48 CDT" skipped="0">
  <testcase classname="com.test.LoginTest" name="loginWithValidUserNameAndValidPassword" time="1.323"/>
</testsuite> <!-- com.test.LoginTest -->
